<?xml version="1.0" encoding="UTF-8"?>
<!-- Generated by org.testng.reporters.JUnitReportReporter -->
<testsuite hostname="Wolfden" failures="0" tests="1" name="testRunner_pkg.Sample_TestRunner" time="14.459" errors="0" timestamp="2023-12-03T22:07:47 IST" skipped="0">
  <testcase classname="testRunner_pkg.Sample_TestRunner" name="runScenario" time="14.459"/>
</testsuite> <!-- testRunner_pkg.Sample_TestRunner -->
